TN:
SF:src/ej-clase/filtermapaddreduce.ts
FN:13,(anonymous_0)
FNF:1
FNH:1
FNDA:3,(anonymous_0)
DA:1,1
DA:6,1
DA:14,3
DA:15,3
DA:16,8
DA:18,3
LF:6
LH:6
BRF:0
BRH:0
end_of_record
TN:
SF:src/ej-clase/filtermapdivreduce.ts
FN:13,(anonymous_0)
FNF:1
FNH:1
FNDA:4,(anonymous_0)
DA:1,1
DA:6,1
DA:14,4
DA:15,3
DA:17,4
DA:18,4
DA:19,14
DA:21,4
LF:8
LH:8
BRDA:14,0,0,3
BRDA:14,0,1,1
BRF:2
BRH:2
end_of_record
TN:
SF:src/ej-clase/filtermapprodreduce.ts
FN:13,(anonymous_0)
FNF:1
FNH:1
FNDA:4,(anonymous_0)
DA:1,1
DA:6,1
DA:14,4
DA:15,3
DA:17,4
DA:18,4
DA:19,14
DA:21,4
LF:8
LH:8
BRDA:14,0,0,3
BRDA:14,0,1,1
BRF:2
BRH:2
end_of_record
TN:
SF:src/ej-clase/filtermapreducetemplate.ts
FN:21,(anonymous_0)
FN:38,(anonymous_1)
FN:50,(anonymous_2)
FN:58,(anonymous_3)
FN:66,(anonymous_4)
FN:74,(anonymous_5)
FN:82,(anonymous_6)
FN:90,(anonymous_7)
FN:98,(anonymous_8)
FNF:9
FNH:9
FNDA:12,(anonymous_0)
FNDA:12,(anonymous_1)
FNDA:12,(anonymous_2)
FNDA:12,(anonymous_3)
FNDA:12,(anonymous_4)
FNDA:12,(anonymous_5)
FNDA:12,(anonymous_6)
FNDA:12,(anonymous_7)
FNDA:12,(anonymous_8)
DA:1,1
DA:2,1
DA:7,1
DA:22,12
DA:24,12
DA:25,60
DA:26,32
DA:29,12
DA:39,12
DA:40,12
DA:41,32
DA:43,12
DA:51,12
DA:59,12
DA:67,12
DA:75,12
DA:83,12
DA:91,12
DA:99,12
DA:101,12
DA:102,12
DA:103,12
DA:104,12
DA:105,12
DA:106,12
DA:107,12
DA:108,12
DA:109,12
DA:111,12
LF:29
LH:29
BRDA:25,0,0,32
BRDA:25,0,1,28
BRF:2
BRH:2
end_of_record
TN:
SF:src/ej-clase/filtermapsubreduce.ts
FN:13,(anonymous_0)
FNF:1
FNH:1
FNDA:3,(anonymous_0)
DA:1,1
DA:6,1
DA:14,3
DA:15,3
DA:16,8
DA:18,3
LF:6
LH:6
BRF:0
BRH:0
end_of_record
TN:
SF:src/ej-clase/functions.ts
FN:6,addOne
FN:15,isPar
FNF:2
FNH:2
FNDA:32,addOne
FNDA:60,isPar
DA:6,1
DA:7,32
DA:15,1
DA:16,60
DA:17,32
LF:5
LH:5
BRDA:16,0,0,32
BRDA:16,0,1,28
BRF:2
BRH:2
end_of_record
TN:
SF:src/funko-pops/funko.ts
FN:21,(anonymous_0)
FN:28,(anonymous_1)
FNF:2
FNH:2
FNDA:4,(anonymous_0)
FNDA:8,(anonymous_1)
DA:1,1
DA:7,1
DA:21,4
DA:29,8
DA:30,8
DA:31,8
DA:32,2
DA:33,6
DA:34,2
DA:35,4
DA:36,2
DA:37,2
DA:38,2
DA:40,8
LF:14
LH:14
BRDA:31,0,0,2
BRDA:31,0,1,6
BRDA:33,1,0,2
BRDA:33,1,1,4
BRDA:33,2,0,6
BRDA:33,2,1,6
BRDA:35,3,0,2
BRDA:35,3,1,2
BRDA:35,4,0,4
BRDA:35,4,1,4
BRDA:37,5,0,2
BRDA:37,5,1,0
BRDA:37,6,0,2
BRDA:37,6,1,2
BRF:14
BRH:13
end_of_record
TN:
SF:src/funko-pops/utilities.ts
FN:4,(anonymous_0)
FN:14,(anonymous_1)
FNF:2
FNH:2
FNDA:1,(anonymous_0)
FNDA:1,(anonymous_1)
DA:4,1
DA:5,1
DA:6,1
DA:7,1
DA:8,1
DA:14,1
DA:15,1
DA:16,1
DA:17,1
DA:18,1
DA:19,1
DA:20,1
LF:12
LH:12
BRDA:4,0,0,1
BRDA:4,0,1,1
BRDA:14,1,0,1
BRDA:14,1,1,1
BRF:4
BRH:4
end_of_record
